20-08-23 22:37:18.880 INFO  [main                ] traceId:[] [c.example.demo.DemoApplication] Starting DemoApplication on LAPTOP-DT2VMI7N with PID 32456 (E:\workspace\csdn\target\classes started by M1873 in E:\workspace\csdn)
20-08-23 22:37:18.886 INFO  [main                ] traceId:[] [c.example.demo.DemoApplication] The following profiles are active: prod
20-08-23 22:37:21.357 INFO  [main                ] traceId:[] [o.s.b.w.e.t.TomcatWebServer   ] Tomcat initialized with port(s): 9000 (http)
20-08-23 22:37:21.385 INFO  [main                ] traceId:[] [o.a.c.http11.Http11NioProtocol] Initializing ProtocolHandler ["http-nio-9000"]
20-08-23 22:37:21.386 INFO  [main                ] traceId:[] [o.a.c.core.StandardService    ] Starting service [Tomcat]
20-08-23 22:37:21.408 INFO  [main                ] traceId:[] [o.a.c.core.StandardEngine     ] Starting Servlet engine: [Apache Tomcat/9.0.37]
20-08-23 22:37:21.600 INFO  [main                ] traceId:[] [o.a.c.c.C.[.[localhost].[/]   ] Initializing Spring embedded WebApplicationContext
20-08-23 22:37:21.601 INFO  [main                ] traceId:[] [o.s.b.w.s.c.ServletWebServerApplicationContext] Root WebApplicationContext: initialization completed in 2625 ms
20-08-23 22:37:22.087 INFO  [main                ] traceId:[] [o.s.s.c.ThreadPoolTaskExecutor] Initializing ExecutorService 'applicationTaskExecutor'
20-08-23 22:37:22.819 INFO  [main                ] traceId:[] [o.a.c.http11.Http11NioProtocol] Starting ProtocolHandler ["http-nio-9000"]
20-08-23 22:37:22.889 INFO  [main                ] traceId:[] [o.s.b.w.e.t.TomcatWebServer   ] Tomcat started on port(s): 9000 (http) with context path ''
20-08-23 22:37:22.920 INFO  [main                ] traceId:[] [c.example.demo.DemoApplication] Started DemoApplication in 4.753 seconds (JVM running for 5.26)
20-08-23 22:38:21.081 INFO  [http-nio-9000-exec-1] traceId:[] [o.a.c.c.C.[.[localhost].[/]   ] Initializing Spring DispatcherServlet 'dispatcherServlet'
20-08-23 22:38:21.081 INFO  [http-nio-9000-exec-1] traceId:[] [o.s.w.s.DispatcherServlet     ] Initializing Servlet 'dispatcherServlet'
20-08-23 22:38:21.089 INFO  [http-nio-9000-exec-1] traceId:[] [o.s.w.s.DispatcherServlet     ] Completed initialization in 8 ms
20-08-23 22:40:46.236 INFO  [main                ] traceId:[] [c.example.demo.DemoApplication] Starting DemoApplication on LAPTOP-DT2VMI7N with PID 4004 (E:\workspace\csdn\target\classes started by M1873 in E:\workspace\csdn)
20-08-23 22:40:46.237 INFO  [main                ] traceId:[] [c.example.demo.DemoApplication] The following profiles are active: prod
20-08-23 22:40:47.960 INFO  [main                ] traceId:[] [o.s.b.w.e.t.TomcatWebServer   ] Tomcat initialized with port(s): 9000 (http)
20-08-23 22:40:47.980 INFO  [main                ] traceId:[] [o.a.c.http11.Http11NioProtocol] Initializing ProtocolHandler ["http-nio-9000"]
20-08-23 22:40:47.982 INFO  [main                ] traceId:[] [o.a.c.core.StandardService    ] Starting service [Tomcat]
20-08-23 22:40:47.983 INFO  [main                ] traceId:[] [o.a.c.core.StandardEngine     ] Starting Servlet engine: [Apache Tomcat/9.0.37]
20-08-23 22:40:48.093 INFO  [main                ] traceId:[] [o.a.c.c.C.[.[localhost].[/]   ] Initializing Spring embedded WebApplicationContext
20-08-23 22:40:48.093 INFO  [main                ] traceId:[] [o.s.b.w.s.c.ServletWebServerApplicationContext] Root WebApplicationContext: initialization completed in 1776 ms
20-08-23 22:40:48.427 INFO  [main                ] traceId:[] [o.s.s.c.ThreadPoolTaskExecutor] Initializing ExecutorService 'applicationTaskExecutor'
20-08-23 22:40:48.872 INFO  [main                ] traceId:[] [o.a.c.http11.Http11NioProtocol] Starting ProtocolHandler ["http-nio-9000"]
20-08-23 22:40:48.901 INFO  [main                ] traceId:[] [o.s.b.w.e.t.TomcatWebServer   ] Tomcat started on port(s): 9000 (http) with context path ''
20-08-23 22:40:48.934 INFO  [main                ] traceId:[] [c.example.demo.DemoApplication] Started DemoApplication in 3.397 seconds (JVM running for 3.892)
20-08-23 22:41:56.511 INFO  [main                ] traceId:[] [c.example.demo.DemoApplication] Starting DemoApplication on LAPTOP-DT2VMI7N with PID 5896 (E:\workspace\csdn\target\classes started by M1873 in E:\workspace\csdn)
20-08-23 22:41:56.512 INFO  [main                ] traceId:[] [c.example.demo.DemoApplication] The following profiles are active: prod
20-08-23 22:41:58.070 INFO  [main                ] traceId:[] [o.s.b.w.e.t.TomcatWebServer   ] Tomcat initialized with port(s): 9000 (http)
20-08-23 22:41:58.089 INFO  [main                ] traceId:[] [o.a.c.http11.Http11NioProtocol] Initializing ProtocolHandler ["http-nio-9000"]
20-08-23 22:41:58.092 INFO  [main                ] traceId:[] [o.a.c.core.StandardService    ] Starting service [Tomcat]
20-08-23 22:41:58.092 INFO  [main                ] traceId:[] [o.a.c.core.StandardEngine     ] Starting Servlet engine: [Apache Tomcat/9.0.37]
20-08-23 22:41:58.244 INFO  [main                ] traceId:[] [o.a.c.c.C.[.[localhost].[/]   ] Initializing Spring embedded WebApplicationContext
20-08-23 22:41:58.245 INFO  [main                ] traceId:[] [o.s.b.w.s.c.ServletWebServerApplicationContext] Root WebApplicationContext: initialization completed in 1656 ms
20-08-23 22:41:58.752 INFO  [main                ] traceId:[] [o.s.s.c.ThreadPoolTaskExecutor] Initializing ExecutorService 'applicationTaskExecutor'
20-08-23 22:41:59.212 INFO  [main                ] traceId:[] [o.a.c.http11.Http11NioProtocol] Starting ProtocolHandler ["http-nio-9000"]
20-08-23 22:41:59.240 INFO  [main                ] traceId:[] [o.s.b.w.e.t.TomcatWebServer   ] Tomcat started on port(s): 9000 (http) with context path ''
20-08-23 22:41:59.272 INFO  [main                ] traceId:[] [c.example.demo.DemoApplication] Started DemoApplication in 3.478 seconds (JVM running for 3.985)
20-08-23 22:42:12.930 INFO  [main                ] traceId:[] [c.example.demo.DemoApplication] Starting DemoApplication on LAPTOP-DT2VMI7N with PID 19428 (E:\workspace\csdn\target\classes started by M1873 in E:\workspace\csdn)
20-08-23 22:42:12.931 INFO  [main                ] traceId:[] [c.example.demo.DemoApplication] The following profiles are active: prod
20-08-23 22:42:14.450 INFO  [main                ] traceId:[] [o.s.b.w.e.t.TomcatWebServer   ] Tomcat initialized with port(s): 9000 (http)
20-08-23 22:42:14.466 INFO  [main                ] traceId:[] [o.a.c.http11.Http11NioProtocol] Initializing ProtocolHandler ["http-nio-9000"]
20-08-23 22:42:14.467 INFO  [main                ] traceId:[] [o.a.c.core.StandardService    ] Starting service [Tomcat]
20-08-23 22:42:14.468 INFO  [main                ] traceId:[] [o.a.c.core.StandardEngine     ] Starting Servlet engine: [Apache Tomcat/9.0.37]
20-08-23 22:42:14.584 INFO  [main                ] traceId:[] [o.a.c.c.C.[.[localhost].[/]   ] Initializing Spring embedded WebApplicationContext
20-08-23 22:42:14.584 INFO  [main                ] traceId:[] [o.s.b.w.s.c.ServletWebServerApplicationContext] Root WebApplicationContext: initialization completed in 1578 ms
20-08-23 22:42:14.909 INFO  [main                ] traceId:[] [o.s.s.c.ThreadPoolTaskExecutor] Initializing ExecutorService 'applicationTaskExecutor'
20-08-23 22:42:15.288 INFO  [main                ] traceId:[] [o.a.c.http11.Http11NioProtocol] Starting ProtocolHandler ["http-nio-9000"]
20-08-23 22:42:15.317 INFO  [main                ] traceId:[] [o.s.b.w.e.t.TomcatWebServer   ] Tomcat started on port(s): 9000 (http) with context path ''
20-08-23 22:42:15.345 INFO  [main                ] traceId:[] [c.example.demo.DemoApplication] Started DemoApplication in 3.112 seconds (JVM running for 3.585)
20-08-23 22:44:12.184 INFO  [main                ] traceId:[] [c.example.demo.DemoApplication] Starting DemoApplication on LAPTOP-DT2VMI7N with PID 25848 (E:\workspace\csdn\target\classes started by M1873 in E:\workspace\csdn)
20-08-23 22:44:12.185 INFO  [main                ] traceId:[] [c.example.demo.DemoApplication] The following profiles are active: prod
20-08-23 22:44:13.729 INFO  [main                ] traceId:[] [o.s.b.w.e.t.TomcatWebServer   ] Tomcat initialized with port(s): 9000 (http)
20-08-23 22:44:13.744 INFO  [main                ] traceId:[] [o.a.c.http11.Http11NioProtocol] Initializing ProtocolHandler ["http-nio-9000"]
20-08-23 22:44:13.746 INFO  [main                ] traceId:[] [o.a.c.core.StandardService    ] Starting service [Tomcat]
20-08-23 22:44:13.746 INFO  [main                ] traceId:[] [o.a.c.core.StandardEngine     ] Starting Servlet engine: [Apache Tomcat/9.0.37]
20-08-23 22:44:13.854 INFO  [main                ] traceId:[] [o.a.c.c.C.[.[localhost].[/]   ] Initializing Spring embedded WebApplicationContext
20-08-23 22:44:13.854 INFO  [main                ] traceId:[] [o.s.b.w.s.c.ServletWebServerApplicationContext] Root WebApplicationContext: initialization completed in 1582 ms
20-08-23 22:44:14.177 INFO  [main                ] traceId:[] [o.s.s.c.ThreadPoolTaskExecutor] Initializing ExecutorService 'applicationTaskExecutor'
20-08-23 22:44:14.584 INFO  [main                ] traceId:[] [o.a.c.http11.Http11NioProtocol] Starting ProtocolHandler ["http-nio-9000"]
20-08-23 22:44:14.615 INFO  [main                ] traceId:[] [o.s.b.w.e.t.TomcatWebServer   ] Tomcat started on port(s): 9000 (http) with context path ''
20-08-23 22:44:14.651 INFO  [main                ] traceId:[] [c.example.demo.DemoApplication] Started DemoApplication in 3.124 seconds (JVM running for 3.602)
20-08-23 22:44:18.659 INFO  [http-nio-9000-exec-2] traceId:[] [o.a.c.c.C.[.[localhost].[/]   ] Initializing Spring DispatcherServlet 'dispatcherServlet'
20-08-23 22:44:18.659 INFO  [http-nio-9000-exec-2] traceId:[] [o.s.w.s.DispatcherServlet     ] Initializing Servlet 'dispatcherServlet'
20-08-23 22:44:18.668 INFO  [http-nio-9000-exec-2] traceId:[] [o.s.w.s.DispatcherServlet     ] Completed initialization in 9 ms
20-08-23 22:58:53.487 INFO  [main                ] traceId:[] [c.example.demo.DemoApplication] Starting DemoApplication on LAPTOP-DT2VMI7N with PID 27840 (E:\workspace\csdn\target\classes started by M1873 in E:\workspace\csdn)
20-08-23 22:58:53.488 INFO  [main                ] traceId:[] [c.example.demo.DemoApplication] The following profiles are active: prod
20-08-23 22:58:55.163 INFO  [main                ] traceId:[] [o.s.b.w.e.t.TomcatWebServer   ] Tomcat initialized with port(s): 9000 (http)
20-08-23 22:58:55.181 INFO  [main                ] traceId:[] [o.a.c.http11.Http11NioProtocol] Initializing ProtocolHandler ["http-nio-9000"]
20-08-23 22:58:55.182 INFO  [main                ] traceId:[] [o.a.c.core.StandardService    ] Starting service [Tomcat]
20-08-23 22:58:55.183 INFO  [main                ] traceId:[] [o.a.c.core.StandardEngine     ] Starting Servlet engine: [Apache Tomcat/9.0.37]
20-08-23 22:58:55.320 INFO  [main                ] traceId:[] [o.a.c.c.C.[.[localhost].[/]   ] Initializing Spring embedded WebApplicationContext
20-08-23 22:58:55.320 INFO  [main                ] traceId:[] [o.s.b.w.s.c.ServletWebServerApplicationContext] Root WebApplicationContext: initialization completed in 1727 ms
20-08-23 22:58:55.687 INFO  [main                ] traceId:[] [o.s.s.c.ThreadPoolTaskExecutor] Initializing ExecutorService 'applicationTaskExecutor'
20-08-23 22:58:56.114 INFO  [main                ] traceId:[] [o.a.c.http11.Http11NioProtocol] Starting ProtocolHandler ["http-nio-9000"]
20-08-23 22:58:56.146 INFO  [main                ] traceId:[] [o.s.b.w.e.t.TomcatWebServer   ] Tomcat started on port(s): 9000 (http) with context path ''
20-08-23 22:58:56.175 INFO  [main                ] traceId:[] [c.example.demo.DemoApplication] Started DemoApplication in 3.365 seconds (JVM running for 3.858)
20-08-23 22:59:05.953 INFO  [http-nio-9000-exec-1] traceId:[] [o.a.c.c.C.[.[localhost].[/]   ] Initializing Spring DispatcherServlet 'dispatcherServlet'
20-08-23 22:59:05.953 INFO  [http-nio-9000-exec-1] traceId:[] [o.s.w.s.DispatcherServlet     ] Initializing Servlet 'dispatcherServlet'
20-08-23 22:59:05.968 INFO  [http-nio-9000-exec-1] traceId:[] [o.s.w.s.DispatcherServlet     ] Completed initialization in 15 ms
20-08-23 23:01:42.088 INFO  [main                ] traceId:[] [c.example.demo.DemoApplication] Starting DemoApplication on LAPTOP-DT2VMI7N with PID 27888 (E:\workspace\csdn\target\classes started by M1873 in E:\workspace\csdn)
20-08-23 23:01:42.089 INFO  [main                ] traceId:[] [c.example.demo.DemoApplication] The following profiles are active: prod
20-08-23 23:01:43.544 INFO  [main                ] traceId:[] [o.s.b.w.e.t.TomcatWebServer   ] Tomcat initialized with port(s): 9000 (http)
20-08-23 23:01:43.560 INFO  [main                ] traceId:[] [o.a.c.http11.Http11NioProtocol] Initializing ProtocolHandler ["http-nio-9000"]
20-08-23 23:01:43.561 INFO  [main                ] traceId:[] [o.a.c.core.StandardService    ] Starting service [Tomcat]
20-08-23 23:01:43.561 INFO  [main                ] traceId:[] [o.a.c.core.StandardEngine     ] Starting Servlet engine: [Apache Tomcat/9.0.37]
20-08-23 23:01:43.688 INFO  [main                ] traceId:[] [o.a.c.c.C.[.[localhost].[/]   ] Initializing Spring embedded WebApplicationContext
20-08-23 23:01:43.689 INFO  [main                ] traceId:[] [o.s.b.w.s.c.ServletWebServerApplicationContext] Root WebApplicationContext: initialization completed in 1523 ms
20-08-23 23:01:43.994 INFO  [main                ] traceId:[] [o.s.s.c.ThreadPoolTaskExecutor] Initializing ExecutorService 'applicationTaskExecutor'
20-08-23 23:01:44.475 INFO  [main                ] traceId:[] [o.a.c.http11.Http11NioProtocol] Starting ProtocolHandler ["http-nio-9000"]
20-08-23 23:01:44.504 INFO  [main                ] traceId:[] [o.s.b.w.e.t.TomcatWebServer   ] Tomcat started on port(s): 9000 (http) with context path ''
20-08-23 23:01:44.534 INFO  [main                ] traceId:[] [c.example.demo.DemoApplication] Started DemoApplication in 3.128 seconds (JVM running for 3.588)
20-08-23 23:01:51.870 INFO  [http-nio-9000-exec-1] traceId:[] [o.a.c.c.C.[.[localhost].[/]   ] Initializing Spring DispatcherServlet 'dispatcherServlet'
20-08-23 23:01:51.870 INFO  [http-nio-9000-exec-1] traceId:[] [o.s.w.s.DispatcherServlet     ] Initializing Servlet 'dispatcherServlet'
20-08-23 23:01:51.880 INFO  [http-nio-9000-exec-1] traceId:[] [o.s.w.s.DispatcherServlet     ] Completed initialization in 10 ms
20-08-23 23:03:41.452 INFO  [main                ] traceId:[] [c.example.demo.DemoApplication] Starting DemoApplication on LAPTOP-DT2VMI7N with PID 30356 (E:\workspace\csdn\target\classes started by M1873 in E:\workspace\csdn)
20-08-23 23:03:41.452 INFO  [main                ] traceId:[] [c.example.demo.DemoApplication] The following profiles are active: prod
20-08-23 23:03:43.060 INFO  [main                ] traceId:[] [o.s.b.w.e.t.TomcatWebServer   ] Tomcat initialized with port(s): 9000 (http)
20-08-23 23:03:43.075 INFO  [main                ] traceId:[] [o.a.c.http11.Http11NioProtocol] Initializing ProtocolHandler ["http-nio-9000"]
20-08-23 23:03:43.077 INFO  [main                ] traceId:[] [o.a.c.core.StandardService    ] Starting service [Tomcat]
20-08-23 23:03:43.077 INFO  [main                ] traceId:[] [o.a.c.core.StandardEngine     ] Starting Servlet engine: [Apache Tomcat/9.0.37]
20-08-23 23:03:43.194 INFO  [main                ] traceId:[] [o.a.c.c.C.[.[localhost].[/]   ] Initializing Spring embedded WebApplicationContext
20-08-23 23:03:43.194 INFO  [main                ] traceId:[] [o.s.b.w.s.c.ServletWebServerApplicationContext] Root WebApplicationContext: initialization completed in 1658 ms
20-08-23 23:03:43.513 INFO  [main                ] traceId:[] [o.s.s.c.ThreadPoolTaskExecutor] Initializing ExecutorService 'applicationTaskExecutor'
20-08-23 23:03:43.923 INFO  [main                ] traceId:[] [o.a.c.http11.Http11NioProtocol] Starting ProtocolHandler ["http-nio-9000"]
20-08-23 23:03:43.951 INFO  [main                ] traceId:[] [o.s.b.w.e.t.TomcatWebServer   ] Tomcat started on port(s): 9000 (http) with context path ''
20-08-23 23:03:43.980 INFO  [main                ] traceId:[] [c.example.demo.DemoApplication] Started DemoApplication in 3.207 seconds (JVM running for 3.699)
20-08-23 23:03:47.187 INFO  [http-nio-9000-exec-1] traceId:[] [o.a.c.c.C.[.[localhost].[/]   ] Initializing Spring DispatcherServlet 'dispatcherServlet'
20-08-23 23:03:47.187 INFO  [http-nio-9000-exec-1] traceId:[] [o.s.w.s.DispatcherServlet     ] Initializing Servlet 'dispatcherServlet'
20-08-23 23:03:47.203 INFO  [http-nio-9000-exec-1] traceId:[] [o.s.w.s.DispatcherServlet     ] Completed initialization in 16 ms
20-08-23 23:12:57.395 INFO  [main                ] traceId:[] [c.example.demo.DemoApplication] Starting DemoApplication on LAPTOP-DT2VMI7N with PID 32576 (E:\workspace\csdn\target\classes started by M1873 in E:\workspace\csdn)
20-08-23 23:12:57.396 INFO  [main                ] traceId:[] [c.example.demo.DemoApplication] The following profiles are active: prod
20-08-23 23:12:58.926 INFO  [main                ] traceId:[] [o.s.b.w.e.t.TomcatWebServer   ] Tomcat initialized with port(s): 9000 (http)
20-08-23 23:12:58.940 INFO  [main                ] traceId:[] [o.a.c.http11.Http11NioProtocol] Initializing ProtocolHandler ["http-nio-9000"]
20-08-23 23:12:58.941 INFO  [main                ] traceId:[] [o.a.c.core.StandardService    ] Starting service [Tomcat]
20-08-23 23:12:58.941 INFO  [main                ] traceId:[] [o.a.c.core.StandardEngine     ] Starting Servlet engine: [Apache Tomcat/9.0.37]
20-08-23 23:12:59.054 INFO  [main                ] traceId:[] [o.a.c.c.C.[.[localhost].[/]   ] Initializing Spring embedded WebApplicationContext
20-08-23 23:12:59.054 INFO  [main                ] traceId:[] [o.s.b.w.s.c.ServletWebServerApplicationContext] Root WebApplicationContext: initialization completed in 1573 ms
20-08-23 23:12:59.466 INFO  [main                ] traceId:[] [o.s.s.c.ThreadPoolTaskExecutor] Initializing ExecutorService 'applicationTaskExecutor'
20-08-23 23:12:59.863 INFO  [main                ] traceId:[] [o.a.c.http11.Http11NioProtocol] Starting ProtocolHandler ["http-nio-9000"]
20-08-23 23:12:59.889 INFO  [main                ] traceId:[] [o.s.b.w.e.t.TomcatWebServer   ] Tomcat started on port(s): 9000 (http) with context path ''
20-08-23 23:12:59.918 INFO  [main                ] traceId:[] [c.example.demo.DemoApplication] Started DemoApplication in 3.207 seconds (JVM running for 3.666)
20-08-23 23:13:05.156 INFO  [http-nio-9000-exec-1] traceId:[] [o.a.c.c.C.[.[localhost].[/]   ] Initializing Spring DispatcherServlet 'dispatcherServlet'
20-08-23 23:13:05.156 INFO  [http-nio-9000-exec-1] traceId:[] [o.s.w.s.DispatcherServlet     ] Initializing Servlet 'dispatcherServlet'
20-08-23 23:13:05.171 INFO  [http-nio-9000-exec-1] traceId:[] [o.s.w.s.DispatcherServlet     ] Completed initialization in 15 ms
20-08-23 23:15:20.177 INFO  [main                ] traceId:[] [c.example.demo.DemoApplication] Starting DemoApplication on LAPTOP-DT2VMI7N with PID 21280 (E:\workspace\csdn\target\classes started by M1873 in E:\workspace\csdn)
20-08-23 23:15:20.179 INFO  [main                ] traceId:[] [c.example.demo.DemoApplication] The following profiles are active: prod
20-08-23 23:15:23.677 INFO  [main                ] traceId:[] [o.s.b.w.e.t.TomcatWebServer   ] Tomcat initialized with port(s): 9000 (http)
20-08-23 23:15:23.710 INFO  [main                ] traceId:[] [o.a.c.http11.Http11NioProtocol] Initializing ProtocolHandler ["http-nio-9000"]
20-08-23 23:15:23.714 INFO  [main                ] traceId:[] [o.a.c.core.StandardService    ] Starting service [Tomcat]
20-08-23 23:15:23.716 INFO  [main                ] traceId:[] [o.a.c.core.StandardEngine     ] Starting Servlet engine: [Apache Tomcat/9.0.37]
20-08-23 23:15:23.980 INFO  [main                ] traceId:[] [o.a.c.c.C.[.[localhost].[/]   ] Initializing Spring embedded WebApplicationContext
20-08-23 23:15:23.981 INFO  [main                ] traceId:[] [o.s.b.w.s.c.ServletWebServerApplicationContext] Root WebApplicationContext: initialization completed in 3611 ms
20-08-23 23:15:24.729 INFO  [main                ] traceId:[] [o.s.s.c.ThreadPoolTaskExecutor] Initializing ExecutorService 'applicationTaskExecutor'
20-08-23 23:15:25.670 INFO  [main                ] traceId:[] [o.a.c.http11.Http11NioProtocol] Starting ProtocolHandler ["http-nio-9000"]
20-08-23 23:15:25.730 INFO  [main                ] traceId:[] [o.s.b.w.e.t.TomcatWebServer   ] Tomcat started on port(s): 9000 (http) with context path ''
20-08-23 23:15:25.793 INFO  [main                ] traceId:[] [c.example.demo.DemoApplication] Started DemoApplication in 7.04 seconds (JVM running for 8.031)
20-08-23 23:15:31.004 INFO  [http-nio-9000-exec-1] traceId:[] [o.a.c.c.C.[.[localhost].[/]   ] Initializing Spring DispatcherServlet 'dispatcherServlet'
20-08-23 23:15:31.004 INFO  [http-nio-9000-exec-1] traceId:[] [o.s.w.s.DispatcherServlet     ] Initializing Servlet 'dispatcherServlet'
20-08-23 23:15:31.020 INFO  [http-nio-9000-exec-1] traceId:[] [o.s.w.s.DispatcherServlet     ] Completed initialization in 16 ms
20-08-23 23:16:37.863 INFO  [main                ] traceId:[] [c.example.demo.DemoApplication] Starting DemoApplication on LAPTOP-DT2VMI7N with PID 21472 (E:\workspace\csdn\target\classes started by M1873 in E:\workspace\csdn)
20-08-23 23:16:37.864 INFO  [main                ] traceId:[] [c.example.demo.DemoApplication] The following profiles are active: prod
20-08-23 23:16:40.091 INFO  [main                ] traceId:[] [o.s.b.w.e.t.TomcatWebServer   ] Tomcat initialized with port(s): 9000 (http)
20-08-23 23:16:40.116 INFO  [main                ] traceId:[] [o.a.c.http11.Http11NioProtocol] Initializing ProtocolHandler ["http-nio-9000"]
20-08-23 23:16:40.119 INFO  [main                ] traceId:[] [o.a.c.core.StandardService    ] Starting service [Tomcat]
20-08-23 23:16:40.119 INFO  [main                ] traceId:[] [o.a.c.core.StandardEngine     ] Starting Servlet engine: [Apache Tomcat/9.0.37]
20-08-23 23:16:40.338 INFO  [main                ] traceId:[] [o.a.c.c.C.[.[localhost].[/]   ] Initializing Spring embedded WebApplicationContext
20-08-23 23:16:40.338 INFO  [main                ] traceId:[] [o.s.b.w.s.c.ServletWebServerApplicationContext] Root WebApplicationContext: initialization completed in 2391 ms
20-08-23 23:16:40.930 INFO  [main                ] traceId:[] [o.s.s.c.ThreadPoolTaskExecutor] Initializing ExecutorService 'applicationTaskExecutor'
20-08-23 23:16:41.784 INFO  [main                ] traceId:[] [o.a.c.http11.Http11NioProtocol] Starting ProtocolHandler ["http-nio-9000"]
20-08-23 23:16:41.846 INFO  [main                ] traceId:[] [o.s.b.w.e.t.TomcatWebServer   ] Tomcat started on port(s): 9000 (http) with context path ''
20-08-23 23:16:41.909 INFO  [main                ] traceId:[] [c.example.demo.DemoApplication] Started DemoApplication in 4.705 seconds (JVM running for 5.188)
20-08-23 23:16:46.278 INFO  [http-nio-9000-exec-1] traceId:[] [o.a.c.c.C.[.[localhost].[/]   ] Initializing Spring DispatcherServlet 'dispatcherServlet'
20-08-23 23:16:46.279 INFO  [http-nio-9000-exec-1] traceId:[] [o.s.w.s.DispatcherServlet     ] Initializing Servlet 'dispatcherServlet'
20-08-23 23:16:46.299 INFO  [http-nio-9000-exec-1] traceId:[] [o.s.w.s.DispatcherServlet     ] Completed initialization in 20 ms
20-08-23 23:17:40.383 INFO  [main                ] traceId:[] [c.e.demo.DemoApplicationTests ] Starting DemoApplicationTests on LAPTOP-DT2VMI7N with PID 16804 (started by M1873 in E:\workspace\csdn)
20-08-23 23:17:40.385 INFO  [main                ] traceId:[] [c.e.demo.DemoApplicationTests ] The following profiles are active: prod
20-08-23 23:17:44.505 INFO  [main                ] traceId:[] [o.s.s.c.ThreadPoolTaskExecutor] Initializing ExecutorService 'applicationTaskExecutor'
20-08-23 23:17:46.015 INFO  [main                ] traceId:[] [c.e.demo.DemoApplicationTests ] Started DemoApplicationTests in 6.623 seconds (JVM running for 8.256)
20-08-23 23:17:46.591 INFO  [SpringContextShutdownHook] traceId:[] [o.s.s.c.ThreadPoolTaskExecutor] Shutting down ExecutorService 'applicationTaskExecutor'
20-08-23 23:19:03.182 INFO  [main                ] traceId:[] [c.e.demo.DemoApplicationTests ] Starting DemoApplicationTests on LAPTOP-DT2VMI7N with PID 33644 (started by M1873 in E:\workspace\csdn)
20-08-23 23:19:03.183 INFO  [main                ] traceId:[] [c.e.demo.DemoApplicationTests ] The following profiles are active: prod
20-08-23 23:19:05.946 INFO  [main                ] traceId:[] [o.s.s.c.ThreadPoolTaskExecutor] Initializing ExecutorService 'applicationTaskExecutor'
20-08-23 23:19:07.046 INFO  [main                ] traceId:[] [c.e.demo.DemoApplicationTests ] Started DemoApplicationTests in 4.531 seconds (JVM running for 5.985)
20-08-23 23:19:07.558 INFO  [SpringContextShutdownHook] traceId:[] [o.s.s.c.ThreadPoolTaskExecutor] Shutting down ExecutorService 'applicationTaskExecutor'
